<?xml version="1.0" encoding="UTF-8"?>
<!-- Generated by org.testng.reporters.JUnitXMLReporter -->
<testsuite hostname="DESKTOP-E69K95O" name="Default test" tests="3" failures="0" timestamp="4 Jan 2022 02:07:05 GMT" time="3.408" errors="0">
  <testcase name="validateValidLogin" time="0.315" classname="TestScripts.swagLab_login_two"/>
  <testcase name="validateinValidLogin" time="0.247" classname="TestScripts.swagLab_login_two"/>
  <testcase name="validateprobUserLogin" time="0.216" classname="TestScripts.swagLab_login_two"/>
</testsuite> <!-- Default test -->
