<?xml version="1.0" encoding="UTF-8"?>
<!-- Generated by org.testng.reporters.JUnitXMLReporter -->
<testsuite hostname="DESKTOP-E69K95O" name="Default test" tests="4" failures="0" timestamp="19 Jan 2022 01:25:47 GMT" time="7.105" errors="0">
  <testcase name="login1" time="0.386" classname="testScript.Login"/>
  <testcase name="login2" time="0.327" classname="testScript.Login"/>
  <testcase name="login3" time="0.24" classname="testScript.Login"/>
  <testcase name="login4" time="5.24" classname="testScript.Login"/>
</testsuite> <!-- Default test -->
