<?xml version="1.0" encoding="UTF-8"?>
<!-- Generated by org.testng.reporters.JUnitXMLReporter -->
<testsuite hostname="DESKTOP-E69K95O" name="Test" tests="4" failures="0" timestamp="19 Jan 2022 01:35:22 GMT" time="7.178" errors="0">
  <testcase name="login1" time="0.446" classname="testScript.Login"/>
  <testcase name="login2" time="0.28" classname="testScript.Login"/>
  <testcase name="login3" time="0.261" classname="testScript.Login"/>
  <testcase name="login4" time="5.235" classname="testScript.Login"/>
</testsuite> <!-- Test -->
