<?xml version="1.0" encoding="UTF-8"?>
<testng-results skipped="0" failed="0" total="4" passed="4">
  <reporter-output>
  </reporter-output>
  <suite name="Suite" duration-ms="12540" started-at="2022-01-19T01:43:49Z" finished-at="2022-01-19T01:44:01Z">
    <groups>
    </groups>
    <test name="Test1" duration-ms="1987" started-at="2022-01-19T01:43:49Z" finished-at="2022-01-19T01:43:51Z">
      <class name="testScript.Login2">
        <test-method status="PASS" signature="initializeBrowser()[pri:0, instance:testScript.Login2@222114ba]" name="initializeBrowser" is-config="true" duration-ms="1668" started-at="2022-01-18T20:43:49Z" finished-at="2022-01-18T20:43:50Z">
          <reporter-output>
          </reporter-output>
        </test-method> <!-- initializeBrowser -->
        <test-method status="PASS" signature="login(java.lang.String, java.lang.String)[pri:0, instance:testScript.Login2@222114ba]" name="login" duration-ms="304" started-at="2022-01-18T20:43:50Z" finished-at="2022-01-18T20:43:51Z">
          <params>
            <param index="0">
              <value>
                <![CDATA[standard_user]]>
              </value>
            </param>
            <param index="1">
              <value>
                <![CDATA[secret_sauce]]>
              </value>
            </param>
          </params>
          <reporter-output>
          </reporter-output>
        </test-method> <!-- login -->
      </class> <!-- testScript.Login2 -->
    </test> <!-- Test1 -->
    <test name="Test2" duration-ms="1663" started-at="2022-01-19T01:43:51Z" finished-at="2022-01-19T01:43:52Z">
      <class name="testScript.Login2">
        <test-method status="PASS" signature="initializeBrowser()[pri:0, instance:testScript.Login2@2ddc8ecb]" name="initializeBrowser" is-config="true" duration-ms="1363" started-at="2022-01-18T20:43:51Z" finished-at="2022-01-18T20:43:52Z">
          <reporter-output>
          </reporter-output>
        </test-method> <!-- initializeBrowser -->
        <test-method status="PASS" signature="login(java.lang.String, java.lang.String)[pri:0, instance:testScript.Login2@2ddc8ecb]" name="login" duration-ms="298" started-at="2022-01-18T20:43:52Z" finished-at="2022-01-18T20:43:52Z">
          <params>
            <param index="0">
              <value>
                <![CDATA[locked_out_user]]>
              </value>
            </param>
            <param index="1">
              <value>
                <![CDATA[secret_sauce]]>
              </value>
            </param>
          </params>
          <reporter-output>
          </reporter-output>
        </test-method> <!-- login -->
      </class> <!-- testScript.Login2 -->
    </test> <!-- Test2 -->
    <test name="Test3" duration-ms="1914" started-at="2022-01-19T01:43:52Z" finished-at="2022-01-19T01:43:54Z">
      <class name="testScript.Login2">
        <test-method status="PASS" signature="initializeBrowser()[pri:0, instance:testScript.Login2@18ce0030]" name="initializeBrowser" is-config="true" duration-ms="1499" started-at="2022-01-18T20:43:52Z" finished-at="2022-01-18T20:43:54Z">
          <reporter-output>
          </reporter-output>
        </test-method> <!-- initializeBrowser -->
        <test-method status="PASS" signature="login(java.lang.String, java.lang.String)[pri:0, instance:testScript.Login2@18ce0030]" name="login" duration-ms="413" started-at="2022-01-18T20:43:54Z" finished-at="2022-01-18T20:43:54Z">
          <params>
            <param index="0">
              <value>
                <![CDATA[problem_user]]>
              </value>
            </param>
            <param index="1">
              <value>
                <![CDATA[secret_sauce]]>
              </value>
            </param>
          </params>
          <reporter-output>
          </reporter-output>
        </test-method> <!-- login -->
      </class> <!-- testScript.Login2 -->
    </test> <!-- Test3 -->
    <test name="Test4" duration-ms="6924" started-at="2022-01-19T01:43:54Z" finished-at="2022-01-19T01:44:01Z">
      <class name="testScript.Login2">
        <test-method status="PASS" signature="initializeBrowser()[pri:0, instance:testScript.Login2@54c562f7]" name="initializeBrowser" is-config="true" duration-ms="1522" started-at="2022-01-18T20:43:54Z" finished-at="2022-01-18T20:43:56Z">
          <reporter-output>
          </reporter-output>
        </test-method> <!-- initializeBrowser -->
        <test-method status="PASS" signature="login(java.lang.String, java.lang.String)[pri:0, instance:testScript.Login2@54c562f7]" name="login" duration-ms="5399" started-at="2022-01-18T20:43:56Z" finished-at="2022-01-18T20:44:01Z">
          <params>
            <param index="0">
              <value>
                <![CDATA[performance_glitch_user]]>
              </value>
            </param>
            <param index="1">
              <value>
                <![CDATA[secret_sauce]]>
              </value>
            </param>
          </params>
          <reporter-output>
          </reporter-output>
        </test-method> <!-- login -->
      </class> <!-- testScript.Login2 -->
    </test> <!-- Test4 -->
  </suite> <!-- Suite -->
</testng-results>
