<?xml version="1.0" encoding="UTF-8"?>
<testng-results skipped="0" failed="0" total="4" passed="4">
  <reporter-output>
  </reporter-output>
  <suite name="Suite" duration-ms="8225" started-at="2022-01-12T23:47:44Z" finished-at="2022-01-12T23:47:53Z">
    <groups>
    </groups>
    <test name="Test1" duration-ms="3250" started-at="2022-01-12T23:47:44Z" finished-at="2022-01-12T23:47:48Z">
      <class name="testScript.Login2">
        <test-method status="PASS" signature="initializeBrowser()[pri:0, instance:testScript.Login2@222114ba]" name="initializeBrowser" is-config="true" duration-ms="2411" started-at="2022-01-12T18:47:44Z" finished-at="2022-01-12T18:47:47Z">
          <reporter-output>
          </reporter-output>
        </test-method> <!-- initializeBrowser -->
        <test-method status="PASS" signature="login(java.lang.String, java.lang.String)[pri:0, instance:testScript.Login2@222114ba]" name="login" duration-ms="833" started-at="2022-01-12T18:47:47Z" finished-at="2022-01-12T18:47:48Z">
          <params>
            <param index="0">
              <value>
                <![CDATA[standard_user]]>
              </value>
            </param>
            <param index="1">
              <value>
                <![CDATA[secret_sauce]]>
              </value>
            </param>
          </params>
          <reporter-output>
          </reporter-output>
        </test-method> <!-- login -->
      </class> <!-- testScript.Login2 -->
    </test> <!-- Test1 -->
    <test name="Test2" duration-ms="3228" started-at="2022-01-12T23:47:44Z" finished-at="2022-01-12T23:47:48Z">
      <class name="testScript.Login2">
        <test-method status="PASS" signature="initializeBrowser()[pri:0, instance:testScript.Login2@2ddc8ecb]" name="initializeBrowser" is-config="true" duration-ms="2496" started-at="2022-01-12T18:47:44Z" finished-at="2022-01-12T18:47:47Z">
          <reporter-output>
          </reporter-output>
        </test-method> <!-- initializeBrowser -->
        <test-method status="PASS" signature="login(java.lang.String, java.lang.String)[pri:0, instance:testScript.Login2@2ddc8ecb]" name="login" duration-ms="726" started-at="2022-01-12T18:47:47Z" finished-at="2022-01-12T18:47:48Z">
          <params>
            <param index="0">
              <value>
                <![CDATA[locked_out_user]]>
              </value>
            </param>
            <param index="1">
              <value>
                <![CDATA[secret_sauce]]>
              </value>
            </param>
          </params>
          <reporter-output>
          </reporter-output>
        </test-method> <!-- login -->
      </class> <!-- testScript.Login2 -->
    </test> <!-- Test2 -->
    <test name="Test3" duration-ms="3320" started-at="2022-01-12T23:47:44Z" finished-at="2022-01-12T23:47:48Z">
      <class name="testScript.Login2">
        <test-method status="PASS" signature="initializeBrowser()[pri:0, instance:testScript.Login2@18ce0030]" name="initializeBrowser" is-config="true" duration-ms="2272" started-at="2022-01-12T18:47:44Z" finished-at="2022-01-12T18:47:47Z">
          <reporter-output>
          </reporter-output>
        </test-method> <!-- initializeBrowser -->
        <test-method status="PASS" signature="login(java.lang.String, java.lang.String)[pri:0, instance:testScript.Login2@18ce0030]" name="login" duration-ms="1034" started-at="2022-01-12T18:47:47Z" finished-at="2022-01-12T18:47:48Z">
          <params>
            <param index="0">
              <value>
                <![CDATA[problem_user]]>
              </value>
            </param>
            <param index="1">
              <value>
                <![CDATA[secret_sauce]]>
              </value>
            </param>
          </params>
          <reporter-output>
          </reporter-output>
        </test-method> <!-- login -->
      </class> <!-- testScript.Login2 -->
    </test> <!-- Test3 -->
    <test name="Test4" duration-ms="8224" started-at="2022-01-12T23:47:44Z" finished-at="2022-01-12T23:47:53Z">
      <class name="testScript.Login2">
        <test-method status="PASS" signature="initializeBrowser()[pri:0, instance:testScript.Login2@54c562f7]" name="initializeBrowser" is-config="true" duration-ms="2404" started-at="2022-01-12T18:47:44Z" finished-at="2022-01-12T18:47:47Z">
          <reporter-output>
          </reporter-output>
        </test-method> <!-- initializeBrowser -->
        <test-method status="PASS" signature="login(java.lang.String, java.lang.String)[pri:0, instance:testScript.Login2@54c562f7]" name="login" duration-ms="5817" started-at="2022-01-12T18:47:47Z" finished-at="2022-01-12T18:47:53Z">
          <params>
            <param index="0">
              <value>
                <![CDATA[performance_glitch_user]]>
              </value>
            </param>
            <param index="1">
              <value>
                <![CDATA[secret_sauce]]>
              </value>
            </param>
          </params>
          <reporter-output>
          </reporter-output>
        </test-method> <!-- login -->
      </class> <!-- testScript.Login2 -->
    </test> <!-- Test4 -->
  </suite> <!-- Suite -->
</testng-results>
