<?xml version="1.0" encoding="UTF-8"?>
<testng-results skipped="0" failed="0" total="1" passed="1">
  <reporter-output>
  </reporter-output>
  <suite name="Default suite" duration-ms="2569" started-at="2022-01-05T01:21:27Z" finished-at="2022-01-05T01:21:30Z">
    <groups>
    </groups>
    <test name="Default test" duration-ms="2569" started-at="2022-01-05T01:21:27Z" finished-at="2022-01-05T01:21:30Z">
      <class name="testngLearning.SauceLabSign">
        <test-method status="PASS" signature="testSetup()[pri:0, instance:testngLearning.SauceLabSign@43ee72e6]" name="testSetup" is-config="true" duration-ms="1610" started-at="2022-01-04T20:21:27Z" finished-at="2022-01-04T20:21:29Z">
          <reporter-output>
          </reporter-output>
        </test-method> <!-- testSetup -->
        <test-method status="PASS" signature="ownTest()[pri:0, instance:testngLearning.SauceLabSign@43ee72e6]" name="ownTest" duration-ms="111" started-at="2022-01-04T20:21:29Z" finished-at="2022-01-04T20:21:29Z">
          <reporter-output>
          </reporter-output>
        </test-method> <!-- ownTest -->
        <test-method status="PASS" signature="closeBrowser()[pri:0, instance:testngLearning.SauceLabSign@43ee72e6]" name="closeBrowser" is-config="true" duration-ms="835" started-at="2022-01-04T20:21:29Z" finished-at="2022-01-04T20:21:30Z">
          <reporter-output>
          </reporter-output>
        </test-method> <!-- closeBrowser -->
      </class> <!-- testngLearning.SauceLabSign -->
    </test> <!-- Default test -->
  </suite> <!-- Default suite -->
</testng-results>
