<?xml version="1.0" encoding="UTF-8"?>
<!-- Generated by org.testng.reporters.JUnitXMLReporter -->
<testsuite hostname="DESKTOP-E69K95O" name="Smoke tests for releast 10.2" tests="1" failures="1" timestamp="18 Jan 2022 23:55:28 GMT" time="0.027" errors="0">
  <testcase name="validateValidLogin" time="0.011" classname="TestScripts.swagLab_Login_Test">
    <failure type="java.lang.NullPointerException">
      <![CDATA[java.lang.NullPointerException
	at TestScripts.swagLab_Login_Test.validateValidLogin(swagLab_Login_Test.java:43)
... Removed 24 stack frames]]>
    </failure>
  </testcase> <!-- validateValidLogin -->
</testsuite> <!-- Smoke tests for releast 10.2 -->
