<?xml version="1.0" encoding="UTF-8"?>
<!-- Generated by org.testng.reporters.JUnitXMLReporter -->
<testsuite hostname="DESKTOP-E69K95O" name="Smoke tests for releast 10.2" tests="8" failures="0" timestamp="6 Jan 2022 01:04:11 GMT" time="14.894" errors="0">
  <testcase name="endtoEndBuy" time="3.233" classname="TestScripts.end_to_end_test"/>
  <testcase name="checkloginDisplay" time="0.079" classname="TestScripts.loginElementValidation"/>
  <testcase name="validateValidLogin" time="0.581" classname="TestScripts.swagLab_Login_Test"/>
  <testcase name="validateinValidLogin" time="0.253" classname="TestScripts.swagLab_Login_Test"/>
  <testcase name="validateprobUserLogin" time="0.248" classname="TestScripts.swagLab_Login_Test"/>
  <testcase name="validateValidLogin" time="0.447" classname="TestScripts.swagLab_login_two"/>
  <testcase name="validateinValidLogin" time="0.248" classname="TestScripts.swagLab_login_two"/>
  <testcase name="validateprobUserLogin" time="0.248" classname="TestScripts.swagLab_login_two"/>
</testsuite> <!-- Smoke tests for releast 10.2 -->
