<?xml version="1.0" encoding="UTF-8"?>
<testng-results skipped="0" failed="1" total="1" passed="0">
  <reporter-output>
  </reporter-output>
  <suite name="Smoke tests" duration-ms="27" started-at="2022-01-18T23:55:28Z" finished-at="2022-01-18T23:55:28Z">
    <groups>
      <group name="regression">
        <method signature="swagLab_Login_Test.validateValidLogin()[pri:0, instance:TestScripts.swagLab_Login_Test@36d4b5c]" name="validateValidLogin" class="TestScripts.swagLab_Login_Test"/>
      </group> <!-- regression -->
      <group name="sanity">
        <method signature="swagLab_Login_Test.validateValidLogin()[pri:0, instance:TestScripts.swagLab_Login_Test@36d4b5c]" name="validateValidLogin" class="TestScripts.swagLab_Login_Test"/>
      </group> <!-- sanity -->
    </groups>
    <test name="Smoke tests for releast 10.2" duration-ms="27" started-at="2022-01-18T23:55:28Z" finished-at="2022-01-18T23:55:28Z">
      <class name="TestScripts.swagLab_Login_Test">
        <test-method status="FAIL" signature="validateValidLogin()[pri:0, instance:TestScripts.swagLab_Login_Test@36d4b5c]" name="validateValidLogin" duration-ms="11" started-at="2022-01-18T18:55:28Z" finished-at="2022-01-18T18:55:28Z">
          <exception class="java.lang.NullPointerException">
            <full-stacktrace>
              <![CDATA[java.lang.NullPointerException
	at TestScripts.swagLab_Login_Test.validateValidLogin(swagLab_Login_Test.java:43)
	at sun.reflect.NativeMethodAccessorImpl.invoke0(Native Method)
	at sun.reflect.NativeMethodAccessorImpl.invoke(Unknown Source)
	at sun.reflect.DelegatingMethodAccessorImpl.invoke(Unknown Source)
	at java.lang.reflect.Method.invoke(Unknown Source)
	at org.testng.internal.MethodInvocationHelper.invokeMethod(MethodInvocationHelper.java:85)
	at org.testng.internal.Invoker.invokeMethod(Invoker.java:639)
	at org.testng.internal.Invoker.invokeTestMethod(Invoker.java:816)
	at org.testng.internal.Invoker.invokeTestMethods(Invoker.java:1124)
	at org.testng.internal.TestMethodWorker.invokeTestMethods(TestMethodWorker.java:125)
	at org.testng.internal.TestMethodWorker.run(TestMethodWorker.java:108)
	at org.testng.TestRunner.privateRun(TestRunner.java:774)
	at org.testng.TestRunner.run(TestRunner.java:624)
	at org.testng.SuiteRunner.runTest(SuiteRunner.java:359)
	at org.testng.SuiteRunner.runSequentially(SuiteRunner.java:354)
	at org.testng.SuiteRunner.privateRun(SuiteRunner.java:312)
	at org.testng.SuiteRunner.run(SuiteRunner.java:261)
	at org.testng.SuiteRunnerWorker.runSuite(SuiteRunnerWorker.java:52)
	at org.testng.SuiteRunnerWorker.run(SuiteRunnerWorker.java:86)
	at org.testng.TestNG.runSuitesSequentially(TestNG.java:1215)
	at org.testng.TestNG.runSuitesLocally(TestNG.java:1140)
	at org.testng.TestNG.run(TestNG.java:1048)
	at org.testng.remote.AbstractRemoteTestNG.run(AbstractRemoteTestNG.java:115)
	at org.testng.remote.RemoteTestNG.initAndRun(RemoteTestNG.java:251)
	at org.testng.remote.RemoteTestNG.main(RemoteTestNG.java:77)
]]>
            </full-stacktrace>
          </exception> <!-- java.lang.NullPointerException -->
          <reporter-output>
          </reporter-output>
        </test-method> <!-- validateValidLogin -->
      </class> <!-- TestScripts.swagLab_Login_Test -->
    </test> <!-- Smoke tests for releast 10.2 -->
  </suite> <!-- Smoke tests -->
</testng-results>
